Determining size of off64_t failed with the following output:
Change Dir: /Users/alina/Desktop/rd2/Dependencies/rdarchiver/Dependencies/minizip/build/CMakeFiles/CMakeTmp

Run Build Command(s):/usr/bin/xcodebuild -project CMAKE_TRY_COMPILE.xcodeproj build -target cmTC_8d75e -parallelizeTargets -configuration Debug -hideShellScriptEnvironment && 2022-06-14 12:31:54.021 xcodebuild[86710:4802292] Requested but did not find extension point with identifier Xcode.IDEKit.ExtensionSentinelHostApplications for extension Xcode.DebuggerFoundation.AppExtensionHosts.watchOS of plug-in com.apple.dt.IDEWatchSupportCore
2022-06-14 12:31:54.021 xcodebuild[86710:4802292] Requested but did not find extension point with identifier Xcode.IDEKit.ExtensionPointIdentifierToBundleIdentifier for extension Xcode.DebuggerFoundation.AppExtensionToBundleIdentifierMap.watchOS of plug-in com.apple.dt.IDEWatchSupportCore
Command line invocation:
    /Applications/Xcode.app/Contents/Developer/usr/bin/xcodebuild -project CMAKE_TRY_COMPILE.xcodeproj build -target cmTC_8d75e -parallelizeTargets -configuration Debug -hideShellScriptEnvironment

User defaults from command line:
    HideShellScriptEnvironment = YES
    IDEPackageSupportUseBuiltinSCM = YES

note: Using new build system
note: Planning
Analyze workspace

Create build description
Build description signature: f3b61830e6c032113c28991abf472e71
Build description path: /Users/alina/Desktop/rd2/Dependencies/rdarchiver/Dependencies/minizip/build/CMakeFiles/CMakeTmp/build/XCBuildData/f3b61830e6c032113c28991abf472e71-desc.xcbuild

note: Build preparation complete
note: Building targets in dependency order
CreateBuildDirectory /Users/alina/Desktop/rd2/Dependencies/rdarchiver/Dependencies/minizip/build/CMakeFiles/CMakeTmp
    cd /Users/alina/Desktop/rd2/Dependencies/rdarchiver/Dependencies/minizip/build/CMakeFiles/CMakeTmp/CMAKE_TRY_COMPILE.xcodeproj
    builtin-create-build-directory /Users/alina/Desktop/rd2/Dependencies/rdarchiver/Dependencies/minizip/build/CMakeFiles/CMakeTmp

CreateBuildDirectory /Users/alina/Desktop/rd2/Dependencies/rdarchiver/Dependencies/minizip/build/CMakeFiles/CMakeTmp/Debug
    cd /Users/alina/Desktop/rd2/Dependencies/rdarchiver/Dependencies/minizip/build/CMakeFiles/CMakeTmp/CMAKE_TRY_COMPILE.xcodeproj
    builtin-create-build-directory /Users/alina/Desktop/rd2/Dependencies/rdarchiver/Dependencies/minizip/build/CMakeFiles/CMakeTmp/Debug

WriteAuxiliaryFile /Users/alina/Desktop/rd2/Dependencies/rdarchiver/Dependencies/minizip/build/CMakeFiles/CMakeTmp/CMAKE_TRY_COMPILE.build/Debug-iphoneos/cmTC_8d75e.build/Objects-normal/arm64/cmTC_8d75e.LinkFileList (in target 'cmTC_8d75e' from project 'CMAKE_TRY_COMPILE')
    cd /Users/alina/Desktop/rd2/Dependencies/rdarchiver/Dependencies/minizip/build/CMakeFiles/CMakeTmp
    write-file /Users/alina/Desktop/rd2/Dependencies/rdarchiver/Dependencies/minizip/build/CMakeFiles/CMakeTmp/CMAKE_TRY_COMPILE.build/Debug-iphoneos/cmTC_8d75e.build/Objects-normal/arm64/cmTC_8d75e.LinkFileList

CompileC /Users/alina/Desktop/rd2/Dependencies/rdarchiver/Dependencies/minizip/build/CMakeFiles/CMakeTmp/CMAKE_TRY_COMPILE.build/Debug-iphoneos/cmTC_8d75e.build/Objects-normal/arm64/OFF64_T.o /Users/alina/Desktop/rd2/Dependencies/rdarchiver/Dependencies/minizip/build/CMakeFiles/CheckTypeSize/OFF64_T.c normal arm64 c com.apple.compilers.llvm.clang.1_0.compiler (in target 'cmTC_8d75e' from project 'CMAKE_TRY_COMPILE')
    cd /Users/alina/Desktop/rd2/Dependencies/rdarchiver/Dependencies/minizip/build/CMakeFiles/CMakeTmp
    /Applications/Xcode.app/Contents/Developer/Toolchains/XcodeDefault.xctoolchain/usr/bin/clang -x c -target arm64-apple-ios11.0 -fmessage-length\=0 -fdiagnostics-show-note-include-stack -fmacro-backtrace-limit\=0 -Wno-trigraphs -fpascal-strings -O0 -Wno-missing-field-initializers -Wno-missing-prototypes -Wno-return-type -Wno-missing-braces -Wparentheses -Wswitch -Wno-unused-function -Wno-unused-label -Wno-unused-parameter -Wno-unused-variable -Wunused-value -Wno-empty-body -Wno-uninitialized -Wno-unknown-pragmas -Wno-shadow -Wno-four-char-constants -Wno-conversion -Wno-constant-conversion -Wno-int-conversion -Wno-bool-conversion -Wno-enum-conversion -Wno-float-conversion -Wno-non-literal-null-conversion -Wno-objc-literal-conversion -Wshorten-64-to-32 -Wpointer-sign -Wno-newline-eof -DCMAKE_INTDIR\=\"Debug-iphoneos\" -isysroot /Applications/Xcode.app/Contents/Developer/Platforms/iPhoneOS.platform/Developer/SDKs/iPhoneOS15.5.sdk -fstrict-aliasing -Wdeprecated-declarations -g -Wno-sign-conversion -Wno-infinite-recursion -Wno-comma -Wno-block-capture-autoreleasing -Wno-strict-prototypes -Wno-semicolon-before-method-body -fembed-bitcode-marker -I/Users/alina/Desktop/rd2/Dependencies/rdarchiver/Dependencies/minizip/build/CMakeFiles/CMakeTmp/Debug/include -I/Users/alina/Desktop/rd2/Dependencies/rdarchiver/Dependencies/minizip/build/CMakeFiles/CMakeTmp/CMAKE_TRY_COMPILE.build/Debug-iphoneos/cmTC_8d75e.build/DerivedSources-normal/arm64 -I/Users/alina/Desktop/rd2/Dependencies/rdarchiver/Dependencies/minizip/build/CMakeFiles/CMakeTmp/CMAKE_TRY_COMPILE.build/Debug-iphoneos/cmTC_8d75e.build/DerivedSources/arm64 -I/Users/alina/Desktop/rd2/Dependencies/rdarchiver/Dependencies/minizip/build/CMakeFiles/CMakeTmp/CMAKE_TRY_COMPILE.build/Debug-iphoneos/cmTC_8d75e.build/DerivedSources -F/Users/alina/Desktop/rd2/Dependencies/rdarchiver/Dependencies/minizip/build/CMakeFiles/CMakeTmp/Debug -MMD -MT dependencies -MF /Users/alina/Desktop/rd2/Dependencies/rdarchiver/Dependencies/minizip/build/CMakeFiles/CMakeTmp/CMAKE_TRY_COMPILE.build/Debug-iphoneos/cmTC_8d75e.build/Objects-normal/arm64/OFF64_T.d --serialize-diagnostics /Users/alina/Desktop/rd2/Dependencies/rdarchiver/Dependencies/minizip/build/CMakeFiles/CMakeTmp/CMAKE_TRY_COMPILE.build/Debug-iphoneos/cmTC_8d75e.build/Objects-normal/arm64/OFF64_T.dia -c /Users/alina/Desktop/rd2/Dependencies/rdarchiver/Dependencies/minizip/build/CMakeFiles/CheckTypeSize/OFF64_T.c -o /Users/alina/Desktop/rd2/Dependencies/rdarchiver/Dependencies/minizip/build/CMakeFiles/CMakeTmp/CMAKE_TRY_COMPILE.build/Debug-iphoneos/cmTC_8d75e.build/Objects-normal/arm64/OFF64_T.o
/Users/alina/Desktop/rd2/Dependencies/rdarchiver/Dependencies/minizip/build/CMakeFiles/CheckTypeSize/OFF64_T.c:29:12: error: use of undeclared identifier 'off64_t'
  ('0' + ((SIZE / 10000)%10)),
           ^
/Users/alina/Desktop/rd2/Dependencies/rdarchiver/Dependencies/minizip/build/CMakeFiles/CheckTypeSize/OFF64_T.c:27:22: note: expanded from macro 'SIZE'
#define SIZE (sizeof(off64_t))
                     ^
/Users/alina/Desktop/rd2/Dependencies/rdarchiver/Dependencies/minizip/build/CMakeFiles/CheckTypeSize/OFF64_T.c:30:12: error: use of undeclared identifier 'off64_t'
  ('0' + ((SIZE / 1000)%10)),
           ^
/Users/alina/Desktop/rd2/Dependencies/rdarchiver/Dependencies/minizip/build/CMakeFiles/CheckTypeSize/OFF64_T.c:27:22: note: expanded from macro 'SIZE'
#define SIZE (sizeof(off64_t))
                     ^
/Users/alina/Desktop/rd2/Dependencies/rdarchiver/Dependencies/minizip/build/CMakeFiles/CheckTypeSize/OFF64_T.c:31:12: error: use of undeclared identifier 'off64_t'
  ('0' + ((SIZE / 100)%10)),
           ^
/Users/alina/Desktop/rd2/Dependencies/rdarchiver/Dependencies/minizip/build/CMakeFiles/CheckTypeSize/OFF64_T.c:27:22: note: expanded from macro 'SIZE'
#define SIZE (sizeof(off64_t))
                     ^
/Users/alina/Desktop/rd2/Dependencies/rdarchiver/Dependencies/minizip/build/CMakeFiles/CheckTypeSize/OFF64_T.c:32:12: error: use of undeclared identifier 'off64_t'
  ('0' + ((SIZE / 10)%10)),
           ^
/Users/alina/Desktop/rd2/Dependencies/rdarchiver/Dependencies/minizip/build/CMakeFiles/CheckTypeSize/OFF64_T.c:27:22: note: expanded from macro 'SIZE'
#define SIZE (sizeof(off64_t))
                     ^
/Users/alina/Desktop/rd2/Dependencies/rdarchiver/Dependencies/minizip/build/CMakeFiles/CheckTypeSize/OFF64_T.c:33:12: error: use of undeclared identifier 'off64_t'
  ('0' +  (SIZE    % 10)),
           ^
/Users/alina/Desktop/rd2/Dependencies/rdarchiver/Dependencies/minizip/build/CMakeFiles/CheckTypeSize/OFF64_T.c:27:22: note: expanded from macro 'SIZE'
#define SIZE (sizeof(off64_t))
                     ^
5 errors generated.

** BUILD FAILED **


The following build commands failed:
	CompileC /Users/alina/Desktop/rd2/Dependencies/rdarchiver/Dependencies/minizip/build/CMakeFiles/CMakeTmp/CMAKE_TRY_COMPILE.build/Debug-iphoneos/cmTC_8d75e.build/Objects-normal/arm64/OFF64_T.o /Users/alina/Desktop/rd2/Dependencies/rdarchiver/Dependencies/minizip/build/CMakeFiles/CheckTypeSize/OFF64_T.c normal arm64 c com.apple.compilers.llvm.clang.1_0.compiler (in target 'cmTC_8d75e' from project 'CMAKE_TRY_COMPILE')
(1 failure)


/Users/alina/Desktop/rd2/Dependencies/rdarchiver/Dependencies/minizip/build/CMakeFiles/CheckTypeSize/OFF64_T.c:
#include <sys/types.h>
#include <stdint.h>
#include <stddef.h>


#undef KEY
#if defined(__i386)
# define KEY '_','_','i','3','8','6'
#elif defined(__x86_64)
# define KEY '_','_','x','8','6','_','6','4'
#elif defined(__PPC64__)
# define KEY '_','_','P','P','C','6','4','_','_'
#elif defined(__ppc64__)
# define KEY '_','_','p','p','c','6','4','_','_'
#elif defined(__PPC__)
# define KEY '_','_','P','P','C','_','_'
#elif defined(__ppc__)
# define KEY '_','_','p','p','c','_','_'
#elif defined(__aarch64__)
# define KEY '_','_','a','a','r','c','h','6','4','_','_'
#elif defined(__ARM_ARCH_7A__)
# define KEY '_','_','A','R','M','_','A','R','C','H','_','7','A','_','_'
#elif defined(__ARM_ARCH_7S__)
# define KEY '_','_','A','R','M','_','A','R','C','H','_','7','S','_','_'
#endif

#define SIZE (sizeof(off64_t))
static char info_size[] =  {'I', 'N', 'F', 'O', ':', 's','i','z','e','[',
  ('0' + ((SIZE / 10000)%10)),
  ('0' + ((SIZE / 1000)%10)),
  ('0' + ((SIZE / 100)%10)),
  ('0' + ((SIZE / 10)%10)),
  ('0' +  (SIZE    % 10)),
  ']',
#ifdef KEY
  ' ','k','e','y','[', KEY, ']',
#endif
  '\0'};

#ifdef __CLASSIC_C__
int main(argc, argv) int argc; char *argv[];
#else
int main(int argc, char *argv[])
#endif
{
  int require = 0;
  require += info_size[argc];
  (void)argv;
  return require;
}


